sudo puppet apply -e 'service {"puppet": enable => true}'

sudo puppet apply puppet_service.pp --noop

if 'mail_lda' in $needed_services { 
    service { 'dovecot': enable => true } 
} else { 
    service { 'dovecot': enable => false } 
}

case $role { 
    'imap_server': { 
        package { 'dovecot': ensure => 'installed' } 
        service { 'dovecot': ensure => 'running' } 
    } 
    /_webserver$/: { 
        service { [ 'apache', 'ssh' ]: ensure => 'running' } 
    } 
    default: { 
        service { 'ssh': ensure => running } 
    }
}

package { 
    'dovecot': ensure => $role ? { 
        'imap_server' => 'installed', 
        /desktop$/    => 'purged', 
        default       => 'removed', 
    } 
}

$a_string = 'This is a string value' 
$an_array = [ 'This', 'forms', 'an', 'array' ] 
$a_hash   = { 
    'subject'   => 'Hashes', 
    'predicate' => 'are written', 
    'object'    => 'like this', 
    'note'      => 'not actual grammar!', 
    'also note' => [ 'nesting is', 
                     { 'allowed' => 'of course' } ], 
}

$x = $a_string 
$y = $an_array[1] 
$z = $a_hash['object']

package { 
    $apache_package: 
        ensure => 'installed' 
}

$packages = [ 'apache2', 
              'libapache2-mod-php5', 
              'libapache2-mod-passenger', ] 
package { 
    $packages: 
        ensure => 'installed' 
} 